Archivo: c2.gram
29/11/2022 05:33:01 p. m.
Gramatica ST
Programas ST
Librerias ST
Variables ST
ListaIdentificadores ST
Gramatica ST
: ST
cplusplus ST

 FinProduccion
Programas ST
-> Produce
# ST
Identificador ST
, ST
Numero ST
Librerias ST

 FinProduccion
Librerias ST
-> Produce
# ST
include ST
< ST
Identificador ST
. ST
h ST
> ST

 FinProduccion
Variables ST
-> Produce
( ST
Identificador ST
) ST

 FinProduccion
ListaIdentificadores ST
-> Produce
Numero ST

 FinProduccion
